{"timestamp":"2025-11-03T22:44:32.545660Z","level":"info","event":"DAG bundles loaded: dags-folder, example_dags","logger":"airflow.dag_processing.bundles.manager.DagBundlesManager","filename":"manager.py","lineno":179}
{"timestamp":"2025-11-03T22:44:32.546839Z","level":"info","event":"Filling up the DagBag from /opt/airflow/dags/migracao_rh.py","logger":"airflow.models.dagbag.DagBag","filename":"dagbag.py","lineno":593}
{"timestamp":"2025-11-03T22:44:32.589247Z","level":"warning","event":"The `airflow.models.baseoperator.cross_downstream` attribute is deprecated. Please use `'airflow.sdk.bases.operator.cross_downstream'`.","category":"DeprecatedImportWarning","filename":"/opt/airflow/dags/migracao_rh.py","lineno":4,"logger":"py.warnings"}
{"timestamp":"2025-11-03T22:44:32.653264Z","level":"info","event":"Task instance is in running state","logger":"task.stdout"}
{"timestamp":"2025-11-03T22:44:32.653506Z","level":"info","event":" Previous state of the Task instance: TaskInstanceState.QUEUED","logger":"task.stdout"}
{"timestamp":"2025-11-03T22:44:32.653655Z","level":"info","event":"Current task name:load_cargos","logger":"task.stdout"}
{"timestamp":"2025-11-03T22:44:32.653705Z","level":"info","event":"Dag name:postgreSQL_to_MySQL","logger":"task.stdout"}
{"timestamp":"2025-11-03T22:44:32.737617Z","level":"info","event":"Running statement: \n        INSERT INTO cargos (id, nome, salario_base, id_departamento)\n        VALUES (%s, %s, %s, %s)\n        ON DUPLICATE KEY UPDATE\n            nome = VALUES(nome),\n            salario_base = VALUES(salario_base),\n            id_departamento = VALUES(id_departamento)\n    , parameters: (1, 'Analista de RH', 5000, 1)","logger":"airflow.task.hooks.airflow.providers.mysql.hooks.mysql.MySqlHook","filename":"sql.py","lineno":810}
{"timestamp":"2025-11-03T22:44:32.740098Z","level":"info","event":"Rows affected: 0","logger":"airflow.task.hooks.airflow.providers.mysql.hooks.mysql.MySqlHook","filename":"sql.py","lineno":822}
{"timestamp":"2025-11-03T22:44:32.749351Z","level":"info","event":"Running statement: \n        INSERT INTO cargos (id, nome, salario_base, id_departamento)\n        VALUES (%s, %s, %s, %s)\n        ON DUPLICATE KEY UPDATE\n            nome = VALUES(nome),\n            salario_base = VALUES(salario_base),\n            id_departamento = VALUES(id_departamento)\n    , parameters: (2, 'Gerente Financeiro', 9500, 2)","logger":"airflow.task.hooks.airflow.providers.mysql.hooks.mysql.MySqlHook","filename":"sql.py","lineno":810}
{"timestamp":"2025-11-03T22:44:32.751242Z","level":"info","event":"Rows affected: 0","logger":"airflow.task.hooks.airflow.providers.mysql.hooks.mysql.MySqlHook","filename":"sql.py","lineno":822}
{"timestamp":"2025-11-03T22:44:32.760537Z","level":"info","event":"Running statement: \n        INSERT INTO cargos (id, nome, salario_base, id_departamento)\n        VALUES (%s, %s, %s, %s)\n        ON DUPLICATE KEY UPDATE\n            nome = VALUES(nome),\n            salario_base = VALUES(salario_base),\n            id_departamento = VALUES(id_departamento)\n    , parameters: (3, 'Desenvolvedor Back-end', 7500, 3)","logger":"airflow.task.hooks.airflow.providers.mysql.hooks.mysql.MySqlHook","filename":"sql.py","lineno":810}
{"timestamp":"2025-11-03T22:44:32.762231Z","level":"info","event":"Rows affected: 0","logger":"airflow.task.hooks.airflow.providers.mysql.hooks.mysql.MySqlHook","filename":"sql.py","lineno":822}
{"timestamp":"2025-11-03T22:44:32.771719Z","level":"info","event":"Running statement: \n        INSERT INTO cargos (id, nome, salario_base, id_departamento)\n        VALUES (%s, %s, %s, %s)\n        ON DUPLICATE KEY UPDATE\n            nome = VALUES(nome),\n            salario_base = VALUES(salario_base),\n            id_departamento = VALUES(id_departamento)\n    , parameters: (4, 'Designer Gráfico', 5500, 4)","logger":"airflow.task.hooks.airflow.providers.mysql.hooks.mysql.MySqlHook","filename":"sql.py","lineno":810}
{"timestamp":"2025-11-03T22:44:32.773103Z","level":"info","event":"Rows affected: 0","logger":"airflow.task.hooks.airflow.providers.mysql.hooks.mysql.MySqlHook","filename":"sql.py","lineno":822}
{"timestamp":"2025-11-03T22:44:32.781753Z","level":"info","event":"Running statement: \n        INSERT INTO cargos (id, nome, salario_base, id_departamento)\n        VALUES (%s, %s, %s, %s)\n        ON DUPLICATE KEY UPDATE\n            nome = VALUES(nome),\n            salario_base = VALUES(salario_base),\n            id_departamento = VALUES(id_departamento)\n    , parameters: (5, 'Analista de Sistemas', 7300, 3)","logger":"airflow.task.hooks.airflow.providers.mysql.hooks.mysql.MySqlHook","filename":"sql.py","lineno":810}
{"timestamp":"2025-11-03T22:44:32.783928Z","level":"info","event":"Rows affected: 0","logger":"airflow.task.hooks.airflow.providers.mysql.hooks.mysql.MySqlHook","filename":"sql.py","lineno":822}
{"timestamp":"2025-11-03T22:44:32.785966Z","level":"info","event":"Done. Returned value was: None","logger":"airflow.task.operators.airflow.providers.standard.operators.python.PythonOperator","filename":"python.py","lineno":218}
{"timestamp":"2025-11-03T22:44:32.827338Z","level":"info","event":"Task instance in success state","logger":"task.stdout"}
{"timestamp":"2025-11-03T22:44:32.827510Z","level":"info","event":" Previous state of the Task instance: TaskInstanceState.RUNNING","logger":"task.stdout"}
{"timestamp":"2025-11-03T22:44:32.827708Z","level":"info","event":"Task operator:<Task(PythonOperator): load_cargos>","logger":"task.stdout"}
