{"timestamp":"2025-11-03T21:45:43.492763Z","level":"info","event":"DAG bundles loaded: dags-folder, example_dags","logger":"airflow.dag_processing.bundles.manager.DagBundlesManager","filename":"manager.py","lineno":179}
{"timestamp":"2025-11-03T21:45:43.493387Z","level":"info","event":"Filling up the DagBag from /opt/airflow/dags/migracao_rh.py","logger":"airflow.models.dagbag.DagBag","filename":"dagbag.py","lineno":593}
{"timestamp":"2025-11-03T21:45:43.524762Z","level":"warning","event":"The `airflow.models.baseoperator.cross_downstream` attribute is deprecated. Please use `'airflow.sdk.bases.operator.cross_downstream'`.","category":"DeprecatedImportWarning","filename":"/opt/airflow/dags/migracao_rh.py","lineno":4,"logger":"py.warnings"}
{"timestamp":"2025-11-03T21:45:43.564588Z","level":"info","event":"Task instance is in running state","logger":"task.stdout"}
{"timestamp":"2025-11-03T21:45:43.564966Z","level":"info","event":" Previous state of the Task instance: TaskInstanceState.QUEUED","logger":"task.stdout"}
{"timestamp":"2025-11-03T21:45:43.565227Z","level":"info","event":"Current task name:load_cargos","logger":"task.stdout"}
{"timestamp":"2025-11-03T21:45:43.565350Z","level":"info","event":"Dag name:postgreSQL_to_MySQL","logger":"task.stdout"}
{"timestamp":"2025-11-03T21:45:43.695229Z","level":"info","event":"Running statement: \n        INSERT INTO cargos (id, nome, salario_base, id_departamento)\n        VALUES (%s, %s, %s, %s)\n        ON DUPLICATE KEY UPDATE\n            nome = VALUES(nome),\n            salario_base = VALUES(salario_base),\n            id_departamento = VALUES(id_departamento)\n    , parameters: (1, 'Analista de RH', 5000, 1)","logger":"airflow.task.hooks.airflow.providers.mysql.hooks.mysql.MySqlHook","filename":"sql.py","lineno":810}
{"timestamp":"2025-11-03T21:45:43.698153Z","level":"info","event":"Rows affected: 0","logger":"airflow.task.hooks.airflow.providers.mysql.hooks.mysql.MySqlHook","filename":"sql.py","lineno":822}
{"timestamp":"2025-11-03T21:45:43.718588Z","level":"info","event":"Running statement: \n        INSERT INTO cargos (id, nome, salario_base, id_departamento)\n        VALUES (%s, %s, %s, %s)\n        ON DUPLICATE KEY UPDATE\n            nome = VALUES(nome),\n            salario_base = VALUES(salario_base),\n            id_departamento = VALUES(id_departamento)\n    , parameters: (2, 'Gerente Financeiro', 9500, 2)","logger":"airflow.task.hooks.airflow.providers.mysql.hooks.mysql.MySqlHook","filename":"sql.py","lineno":810}
{"timestamp":"2025-11-03T21:45:43.721804Z","level":"info","event":"Rows affected: 0","logger":"airflow.task.hooks.airflow.providers.mysql.hooks.mysql.MySqlHook","filename":"sql.py","lineno":822}
{"timestamp":"2025-11-03T21:45:43.739878Z","level":"info","event":"Running statement: \n        INSERT INTO cargos (id, nome, salario_base, id_departamento)\n        VALUES (%s, %s, %s, %s)\n        ON DUPLICATE KEY UPDATE\n            nome = VALUES(nome),\n            salario_base = VALUES(salario_base),\n            id_departamento = VALUES(id_departamento)\n    , parameters: (3, 'Desenvolvedor Back-end', 7500, 3)","logger":"airflow.task.hooks.airflow.providers.mysql.hooks.mysql.MySqlHook","filename":"sql.py","lineno":810}
{"timestamp":"2025-11-03T21:45:43.742813Z","level":"info","event":"Rows affected: 0","logger":"airflow.task.hooks.airflow.providers.mysql.hooks.mysql.MySqlHook","filename":"sql.py","lineno":822}
{"timestamp":"2025-11-03T21:45:43.759155Z","level":"info","event":"Running statement: \n        INSERT INTO cargos (id, nome, salario_base, id_departamento)\n        VALUES (%s, %s, %s, %s)\n        ON DUPLICATE KEY UPDATE\n            nome = VALUES(nome),\n            salario_base = VALUES(salario_base),\n            id_departamento = VALUES(id_departamento)\n    , parameters: (4, 'Designer Gráfico', 5500, 4)","logger":"airflow.task.hooks.airflow.providers.mysql.hooks.mysql.MySqlHook","filename":"sql.py","lineno":810}
{"timestamp":"2025-11-03T21:45:43.761370Z","level":"info","event":"Rows affected: 0","logger":"airflow.task.hooks.airflow.providers.mysql.hooks.mysql.MySqlHook","filename":"sql.py","lineno":822}
{"timestamp":"2025-11-03T21:45:43.772288Z","level":"info","event":"Running statement: \n        INSERT INTO cargos (id, nome, salario_base, id_departamento)\n        VALUES (%s, %s, %s, %s)\n        ON DUPLICATE KEY UPDATE\n            nome = VALUES(nome),\n            salario_base = VALUES(salario_base),\n            id_departamento = VALUES(id_departamento)\n    , parameters: (5, 'Analista de Sistemas', 7300, 3)","logger":"airflow.task.hooks.airflow.providers.mysql.hooks.mysql.MySqlHook","filename":"sql.py","lineno":810}
{"timestamp":"2025-11-03T21:45:43.774342Z","level":"info","event":"Rows affected: 0","logger":"airflow.task.hooks.airflow.providers.mysql.hooks.mysql.MySqlHook","filename":"sql.py","lineno":822}
{"timestamp":"2025-11-03T21:45:43.777965Z","level":"info","event":"Done. Returned value was: None","logger":"airflow.task.operators.airflow.providers.standard.operators.python.PythonOperator","filename":"python.py","lineno":218}
{"timestamp":"2025-11-03T21:45:43.794144Z","level":"info","event":"Task instance in success state","logger":"task.stdout"}
{"timestamp":"2025-11-03T21:45:43.794355Z","level":"info","event":" Previous state of the Task instance: TaskInstanceState.RUNNING","logger":"task.stdout"}
{"timestamp":"2025-11-03T21:45:43.794500Z","level":"info","event":"Task operator:<Task(PythonOperator): load_cargos>","logger":"task.stdout"}
